# JRE version: OpenJDK Runtime Environment Temurin-21.0.5+11 (21.0.5+11) (build 21.0.5+11-LTS)
# Java VM: OpenJDK 64-Bit Server VM Temurin-21.0.5+11 (21.0.5+11-LTS, mixed mode, sharing, tiered, compressed oops, compressed class ptrs, g1 gc, windows-amd64)
GC Precious Log:
 CardTable entry size: 512
 Card Set container configuration: InlinePtr #cards 4 size 8 Array Of Cards #cards 16 size 48 Howl #buckets 8 coarsen threshold 3686 Howl Bitmap #cards 512 size 80 coarsen threshold 460 Card regions per heap region 1 cards per card region 4096
 CPUs: 16 total, 16 available
 Memory: 16021M
 Large Page Support: Disabled
 NUMA Support: Disabled
 Compressed Oops: Enabled (Zero based)
 Heap Region Size: 2M
 Heap Min Capacity: 8M
 Heap Initial Capacity: 252M
 Heap Max Capacity: 4006M
 Pre-touch: Disabled
 Parallel Workers: 13
 Concurrent Workers: 3
 Concurrent Refinement Workers: 13
 Periodic GC: Disabled
Heap:
 garbage-first heap   total 106496K, used 81954K [0x0000000705a00000, 0x0000000800000000)
  region size 2048K, 18 young (36864K), 2 survivors (4096K)
 Metaspace       used 98006K, committed 99072K, reserved 1179648K
  class space    used 12003K, committed 12544K, reserved 1048576K
GC Heap History (20 events):
Event: 891.969 GC heap after
{Heap after GC invocations=49 (full 6):
 garbage-first heap   total 106496K, used 45945K [0x0000000705a00000, 0x0000000800000000)
  region size 2048K, 2 young (4096K), 2 survivors (4096K)
 Metaspace       used 94322K, committed 95232K, reserved 1179648K
  class space    used 11755K, committed 12224K, reserved 1048576K
}
Event: 1173.455 GC heap before
{Heap before GC invocations=49 (full 6):
 garbage-first heap   total 106496K, used 70521K [0x0000000705a00000, 0x0000000800000000)
  region size 2048K, 15 young (30720K), 2 survivors (4096K)
 Metaspace       used 94646K, committed 95616K, reserved 1179648K
  class space    used 11785K, committed 12288K, reserved 1048576K
}
Event: 1173.512 GC heap after
{Heap after GC invocations=50 (full 7):
 garbage-first heap   total 106496K, used 38464K [0x0000000705a00000, 0x0000000800000000)
  region size 2048K, 0 young (0K), 0 survivors (0K)
 Metaspace       used 94633K, committed 95616K, reserved 1179648K
  class space    used 11783K, committed 12288K, reserved 1048576K
}
Event: 1174.077 GC heap before
{Heap before GC invocations=50 (full 7):
 garbage-first heap   total 106496K, used 87616K [0x0000000705a00000, 0x0000000800000000)
  region size 2048K, 25 young (51200K), 0 survivors (0K)
 Metaspace       used 95026K, committed 96000K, reserved 1179648K
  class space    used 11811K, committed 12288K, reserved 1048576K
}
Event: 1174.079 GC heap after
{Heap after GC invocations=51 (full 7):
 garbage-first heap   total 106496K, used 43002K [0x0000000705a00000, 0x0000000800000000)
  region size 2048K, 3 young (6144K), 3 survivors (6144K)
 Metaspace       used 95026K, committed 96000K, reserved 1179648K
  class space    used 11811K, committed 12288K, reserved 1048576K
}
Event: 1174.380 GC heap before
{Heap before GC invocations=52 (full 7):
 garbage-first heap   total 106496K, used 86010K [0x0000000705a00000, 0x0000000800000000)
  region size 2048K, 24 young (49152K), 3 survivors (6144K)
 Metaspace       used 95738K, committed 96704K, reserved 1179648K
  class space    used 11853K, committed 12352K, reserved 1048576K
}
Event: 1174.383 GC heap after
{Heap after GC invocations=53 (full 7):
 garbage-first heap   total 106496K, used 45914K [0x0000000705a00000, 0x0000000800000000)
  region size 2048K, 2 young (4096K), 2 survivors (4096K)
 Metaspace       used 95738K, committed 96704K, reserved 1179648K
  class space    used 11853K, committed 12352K, reserved 1048576K
}
Event: 1180.966 GC heap before
{Heap before GC invocations=53 (full 7):
 garbage-first heap   total 106496K, used 60250K [0x0000000705a00000, 0x0000000800000000)
  region size 2048K, 10 young (20480K), 2 survivors (4096K)
 Metaspace       used 95834K, committed 96832K, reserved 1179648K
  class space    used 11857K, committed 12352K, reserved 1048576K
}
Event: 1181.025 GC heap after
{Heap after GC invocations=54 (full 8):
 garbage-first heap   total 106496K, used 42202K [0x0000000705a00000, 0x0000000800000000)
  region size 2048K, 0 young (0K), 0 survivors (0K)
 Metaspace       used 95824K, committed 96832K, reserved 1179648K
  class space    used 11855K, committed 12352K, reserved 1048576K
}
Event: 1181.398 GC heap before
{Heap before GC invocations=54 (full 8):
 garbage-first heap   total 106496K, used 91354K [0x0000000705a00000, 0x0000000800000000)
  region size 2048K, 24 young (49152K), 0 survivors (0K)
 Metaspace       used 96118K, committed 97152K, reserved 1179648K
  class space    used 11883K, committed 12416K, reserved 1048576K
}
Event: 1181.399 GC heap after
{Heap after GC invocations=55 (full 8):
 garbage-first heap   total 106496K, used 46259K [0x0000000705a00000, 0x0000000800000000)
  region size 2048K, 2 young (4096K), 2 survivors (4096K)
 Metaspace       used 96118K, committed 97152K, reserved 1179648K
  class space    used 11883K, committed 12416K, reserved 1048576K
}
Event: 1181.654 GC heap before
{Heap before GC invocations=56 (full 8):
 garbage-first heap   total 106496K, used 91315K [0x0000000705a00000, 0x0000000800000000)
  region size 2048K, 24 young (49152K), 2 survivors (4096K)
 Metaspace       used 96827K, committed 97792K, reserved 1179648K
  class space    used 11928K, committed 12416K, reserved 1048576K
}
Event: 1181.657 GC heap after
{Heap after GC invocations=57 (full 8):
 garbage-first heap   total 106496K, used 49440K [0x0000000705a00000, 0x0000000800000000)
  region size 2048K, 2 young (4096K), 2 survivors (4096K)
 Metaspace       used 96827K, committed 97792K, reserved 1179648K
  class space    used 11928K, committed 12416K, reserved 1048576K
}
Event: 1411.520 GC heap before
{Heap before GC invocations=57 (full 8):
 garbage-first heap   total 106496K, used 82208K [0x0000000705a00000, 0x0000000800000000)
  region size 2048K, 19 young (38912K), 2 survivors (4096K)
 Metaspace       used 96893K, committed 97856K, reserved 1179648K
  class space    used 11930K, committed 12416K, reserved 1048576K
}
Event: 1411.566 GC heap after
{Heap after GC invocations=58 (full 9):
 garbage-first heap   total 106496K, used 42727K [0x0000000705a00000, 0x0000000800000000)
  region size 2048K, 0 young (0K), 0 survivors (0K)
 Metaspace       used 96880K, committed 97856K, reserved 1179648K
  class space    used 11928K, committed 12416K, reserved 1048576K
}
Event: 1411.933 GC heap before
{Heap before GC invocations=58 (full 9):
 garbage-first heap   total 106496K, used 89831K [0x0000000705a00000, 0x0000000800000000)
  region size 2048K, 23 young (47104K), 0 survivors (0K)
 Metaspace       used 97173K, committed 98240K, reserved 1179648K
  class space    used 11956K, committed 12480K, reserved 1048576K
}
Event: 1411.935 GC heap after
{Heap after GC invocations=59 (full 9):
 garbage-first heap   total 106496K, used 46768K [0x0000000705a00000, 0x0000000800000000)
  region size 2048K, 2 young (4096K), 2 survivors (4096K)
 Metaspace       used 97173K, committed 98240K, reserved 1179648K
  class space    used 11956K, committed 12480K, reserved 1048576K
}
Event: 1412.170 GC heap before
{Heap before GC invocations=60 (full 9):
 garbage-first heap   total 106496K, used 89776K [0x0000000705a00000, 0x0000000800000000)
  region size 2048K, 23 young (47104K), 2 survivors (4096K)
 Metaspace       used 97893K, committed 98944K, reserved 1179648K
  class space    used 12001K, committed 12544K, reserved 1048576K
}
Event: 1412.173 GC heap after
{Heap after GC invocations=61 (full 9):
 garbage-first heap   total 106496K, used 49681K [0x0000000705a00000, 0x0000000800000000)
  region size 2048K, 2 young (4096K), 2 survivors (4096K)
 Metaspace       used 97893K, committed 98944K, reserved 1179648K
  class space    used 12001K, committed 12544K, reserved 1048576K
}
Event: 1530.947 GC heap before
{Heap before GC invocations=61 (full 9):
 garbage-first heap   total 106496K, used 80401K [0x0000000705a00000, 0x0000000800000000)
  region size 2048K, 18 young (36864K), 2 survivors (4096K)
 Metaspace       used 98006K, committed 99072K, reserved 1179648K
  class space    used 12003K, committed 12544K, reserved 1048576K
}

