# JRE version: OpenJDK Runtime Environment Temurin-21.0.5+11 (21.0.5+11) (build 21.0.5+11-LTS)
# Java VM: OpenJDK 64-Bit Server VM Temurin-21.0.5+11 (21.0.5+11-LTS, mixed mode, sharing, tiered, compressed oops, compressed class ptrs, g1 gc, windows-amd64)
GC Precious Log:
 CardTable entry size: 512
 Card Set container configuration: InlinePtr #cards 4 size 8 Array Of Cards #cards 16 size 48 Howl #buckets 8 coarsen threshold 3686 Howl Bitmap #cards 512 size 80 coarsen threshold 460 Card regions per heap region 1 cards per card region 4096
 CPUs: 16 total, 16 available
 Memory: 16021M
 Large Page Support: Disabled
 NUMA Support: Disabled
 Compressed Oops: Enabled (Zero based)
 Heap Region Size: 2M
 Heap Min Capacity: 8M
 Heap Initial Capacity: 252M
 Heap Max Capacity: 4006M
 Pre-touch: Disabled
 Parallel Workers: 13
 Concurrent Workers: 3
 Concurrent Refinement Workers: 13
 Periodic GC: Disabled
Heap:
 garbage-first heap   total 110592K, used 60095K [0x0000000705a00000, 0x0000000800000000)
  region size 2048K, 6 young (12288K), 3 survivors (6144K)
 Metaspace       used 97092K, committed 97920K, reserved 1179648K
  class space    used 12023K, committed 12416K, reserved 1048576K
GC Heap History (20 events):
Event: 485.143 GC heap before
{Heap before GC invocations=44 (full 5):
 garbage-first heap   total 110592K, used 93763K [0x0000000705a00000, 0x0000000800000000)
  region size 2048K, 24 young (49152K), 0 survivors (0K)
 Metaspace       used 93499K, committed 94400K, reserved 1179648K
  class space    used 11825K, committed 12224K, reserved 1048576K
}
Event: 485.145 GC heap after
{Heap after GC invocations=45 (full 5):
 garbage-first heap   total 110592K, used 50469K [0x0000000705a00000, 0x0000000800000000)
  region size 2048K, 2 young (4096K), 2 survivors (4096K)
 Metaspace       used 93499K, committed 94400K, reserved 1179648K
  class space    used 11825K, committed 12224K, reserved 1048576K
}
Event: 485.435 GC heap before
{Heap before GC invocations=46 (full 5):
 garbage-first heap   total 110592K, used 91429K [0x0000000705a00000, 0x0000000800000000)
  region size 2048K, 23 young (47104K), 2 survivors (4096K)
 Metaspace       used 94243K, committed 95168K, reserved 1179648K
  class space    used 11865K, committed 12288K, reserved 1048576K
}
Event: 485.437 GC heap after
{Heap after GC invocations=47 (full 5):
 garbage-first heap   total 110592K, used 53101K [0x0000000705a00000, 0x0000000800000000)
  region size 2048K, 2 young (4096K), 2 survivors (4096K)
 Metaspace       used 94243K, committed 95168K, reserved 1179648K
  class space    used 11865K, committed 12288K, reserved 1048576K
}
Event: 494.092 GC heap before
{Heap before GC invocations=47 (full 5):
 garbage-first heap   total 110592K, used 79725K [0x0000000705a00000, 0x0000000800000000)
  region size 2048K, 16 young (32768K), 2 survivors (4096K)
 Metaspace       used 94481K, committed 95360K, reserved 1179648K
  class space    used 11875K, committed 12288K, reserved 1048576K
}
Event: 494.146 GC heap after
{Heap after GC invocations=48 (full 6):
 garbage-first heap   total 110592K, used 46982K [0x0000000705a00000, 0x0000000800000000)
  region size 2048K, 0 young (0K), 0 survivors (0K)
 Metaspace       used 94468K, committed 95360K, reserved 1179648K
  class space    used 11873K, committed 12288K, reserved 1048576K
}
Event: 494.595 GC heap before
{Heap before GC invocations=48 (full 6):
 garbage-first heap   total 110592K, used 98182K [0x0000000705a00000, 0x0000000800000000)
  region size 2048K, 25 young (51200K), 0 survivors (0K)
 Metaspace       used 94757K, committed 95616K, reserved 1179648K
  class space    used 11902K, committed 12288K, reserved 1048576K
}
Event: 494.597 GC heap after
{Heap after GC invocations=49 (full 6):
 garbage-first heap   total 110592K, used 50845K [0x0000000705a00000, 0x0000000800000000)
  region size 2048K, 2 young (4096K), 2 survivors (4096K)
 Metaspace       used 94757K, committed 95616K, reserved 1179648K
  class space    used 11902K, committed 12288K, reserved 1048576K
}
Event: 494.902 GC heap before
{Heap before GC invocations=50 (full 6):
 garbage-first heap   total 110592K, used 95901K [0x0000000705a00000, 0x0000000800000000)
  region size 2048K, 24 young (49152K), 2 survivors (4096K)
 Metaspace       used 95481K, committed 96384K, reserved 1179648K
  class space    used 11946K, committed 12352K, reserved 1048576K
}
Event: 494.904 GC heap after
{Heap after GC invocations=51 (full 6):
 garbage-first heap   total 110592K, used 53808K [0x0000000705a00000, 0x0000000800000000)
  region size 2048K, 2 young (4096K), 2 survivors (4096K)
 Metaspace       used 95481K, committed 96384K, reserved 1179648K
  class space    used 11946K, committed 12352K, reserved 1048576K
}
Event: 588.556 GC heap before
{Heap before GC invocations=51 (full 6):
 garbage-first heap   total 110592K, used 94768K [0x0000000705a00000, 0x0000000800000000)
  region size 2048K, 22 young (45056K), 2 survivors (4096K)
 Metaspace       used 95817K, committed 96704K, reserved 1179648K
  class space    used 11951K, committed 12352K, reserved 1048576K
}
Event: 588.558 GC heap after
{Heap after GC invocations=52 (full 6):
 garbage-first heap   total 110592K, used 55204K [0x0000000705a00000, 0x0000000800000000)
  region size 2048K, 3 young (6144K), 3 survivors (6144K)
 Metaspace       used 95817K, committed 96704K, reserved 1179648K
  class space    used 11951K, committed 12352K, reserved 1048576K
}
Event: 676.279 GC heap before
{Heap before GC invocations=52 (full 6):
 garbage-first heap   total 110592K, used 59300K [0x0000000705a00000, 0x0000000800000000)
  region size 2048K, 6 young (12288K), 3 survivors (6144K)
 Metaspace       used 95872K, committed 96768K, reserved 1179648K
  class space    used 11952K, committed 12352K, reserved 1048576K
}
Event: 676.331 GC heap after
{Heap after GC invocations=53 (full 7):
 garbage-first heap   total 110592K, used 47751K [0x0000000705a00000, 0x0000000800000000)
  region size 2048K, 0 young (0K), 0 survivors (0K)
 Metaspace       used 95857K, committed 96768K, reserved 1179648K
  class space    used 11950K, committed 12352K, reserved 1048576K
}
Event: 676.694 GC heap before
{Heap before GC invocations=53 (full 7):
 garbage-first heap   total 110592K, used 94855K [0x0000000705a00000, 0x0000000800000000)
  region size 2048K, 24 young (49152K), 0 survivors (0K)
 Metaspace       used 96169K, committed 97088K, reserved 1179648K
  class space    used 11979K, committed 12416K, reserved 1048576K
}
Event: 676.696 GC heap after
{Heap after GC invocations=54 (full 7):
 garbage-first heap   total 110592K, used 52094K [0x0000000705a00000, 0x0000000800000000)
  region size 2048K, 3 young (6144K), 3 survivors (6144K)
 Metaspace       used 96169K, committed 97088K, reserved 1179648K
  class space    used 11979K, committed 12416K, reserved 1048576K
}
Event: 676.902 GC heap before
{Heap before GC invocations=55 (full 7):
 garbage-first heap   total 110592K, used 88958K [0x0000000705a00000, 0x0000000800000000)
  region size 2048K, 22 young (45056K), 3 survivors (6144K)
 Metaspace       used 96686K, committed 97536K, reserved 1179648K
  class space    used 12009K, committed 12416K, reserved 1048576K
}
Event: 676.904 GC heap after
{Heap after GC invocations=56 (full 7):
 garbage-first heap   total 110592K, used 53803K [0x0000000705a00000, 0x0000000800000000)
  region size 2048K, 2 young (4096K), 2 survivors (4096K)
 Metaspace       used 96686K, committed 97536K, reserved 1179648K
  class space    used 12009K, committed 12416K, reserved 1048576K
}
Event: 734.594 GC heap before
{Heap before GC invocations=56 (full 7):
 garbage-first heap   total 110592K, used 90667K [0x0000000705a00000, 0x0000000800000000)
  region size 2048K, 21 young (43008K), 2 survivors (4096K)
 Metaspace       used 97043K, committed 97920K, reserved 1179648K
  class space    used 12022K, committed 12416K, reserved 1048576K
}
Event: 734.596 GC heap after
{Heap after GC invocations=57 (full 7):
 garbage-first heap   total 110592K, used 55999K [0x0000000705a00000, 0x0000000800000000)
  region size 2048K, 3 young (6144K), 3 survivors (6144K)
 Metaspace       used 97043K, committed 97920K, reserved 1179648K
  class space    used 12022K, committed 12416K, reserved 1048576K
}

